<?xml version="1.0" encoding="UTF-8"?>
<testsuite name="guru.qa.FilesParsingTet" tests="1" skipped="0" failures="0" errors="0" timestamp="2022-05-08T17:36:22" hostname="DESKTOP-83LEQ1P" time="0.03">
  <properties/>
  <testcase name="zipTest()" classname="guru.qa.FilesParsingTet" time="0.03"/>
  <system-out><![CDATA[Р’СЃРµ С‚РµСЃС‚С‹ СЂР°Р±РѕС‚Р°СЋС‚.
]]></system-out>
  <system-err><![CDATA[]]></system-err>
</testsuite>
